<?xml version="1.0" encoding="UTF-8"?>
<robot generator="Robot 3.1.2 (Python 3.7.5 on darwin)" generated="20191127 19:29:22.571" rpa="false">
<suite id="s1" name="Leon-Robot-Framework-Customizable-Serial-Runner" source="/Users/jgorospe/Downloads/leon-develop/packages/robotframeworktestassistant/brain/Robot-Files/Leon-Robot-Framework-Customizable-Serial-Runner.robot">
<test id="s1-t1" name="TEST 1 - SERIAL RUNNER : A test that will run.">
<kw name="Log" library="BuiltIn">
<doc>Logs the given message with the given level.</doc>
<arguments>
<arg>Just giving Robot Framework something to do when triggered by the voice assistant.</arg>
</arguments>
<msg timestamp="20191127 19:29:22.613" level="INFO">Just giving Robot Framework something to do when triggered by the voice assistant.</msg>
<status status="PASS" starttime="20191127 19:29:22.613" endtime="20191127 19:29:22.613"></status>
</kw>
<tags>
<tag>Test_One</tag>
</tags>
<status status="PASS" starttime="20191127 19:29:22.612" endtime="20191127 19:29:22.613" critical="yes"></status>
</test>
<status status="PASS" starttime="20191127 19:29:22.572" endtime="20191127 19:29:22.613"></status>
</suite>
<statistics>
<total>
<stat pass="1" fail="0">Critical Tests</stat>
<stat pass="1" fail="0">All Tests</stat>
</total>
<tag>
<stat pass="1" fail="0">Test_One</stat>
</tag>
<suite>
<stat pass="1" fail="0" id="s1" name="Leon-Robot-Framework-Customizable-Serial-Runner">Leon-Robot-Framework-Customizable-Serial-Runner</stat>
</suite>
</statistics>
<errors>
</errors>
</robot>
